Added Member To Class: ClassName=Main Member=Component C4 47uF
Added Member To Class: ClassName=Main Member=Component C6 C0603C471J5GACTU
Added Member To Class: ClassName=Main Member=Component C11 TAJA106K006RNJ
Added Member To Class: ClassName=Main Member=Component D4 BAT54HT1G
Added Member To Class: ClassName=Main Member=Component D6 BAT54HT1G
Added Member To Class: ClassName=Main Member=Component Q2 IRF1404PBF
Added Member To Class: ClassName=Main Member=Component Q4 IRF1404PBF
Added Member To Class: ClassName=Main Member=Component Q5 IRF1404PBF
Added Member To Class: ClassName=Main Member=Component Q7 BC807-40-7-F
Added Member To Class: ClassName=Main Member=Component R22 CRCW0805100KFKEA
Added Member To Class: ClassName=Main Member=Component R24 CRCW080510K0FKEA
Added Member To Class: ClassName=Main Member=Component R25 ERA6AEB102V
Added Member To Class: ClassName=Main Member=Component R27 ERA6AEB102V
Added Member To Class: ClassName=Main Member=Component R28 ERA6AEB102V
Added Member To Class: ClassName=Main Member=Component R30 ERJ-6GEYJ151V
Added Member To Class: ClassName=Main Member=Component R32 CRCW080510K0FKEA
Added Member To Class: ClassName=Main Member=Component R33 ERJ-6GEYJ151V
Added Member To Class: ClassName=Main Member=Component R34 CRCW080510K0FKEA
Added Member To Class: ClassName=Main Member=Component R36 CRCW080510K0FKEA
Added Member To Class: ClassName=Main Member=Component R38 CRCW080510K0FKEA
Added Room: Name=Main
