Removed Pin From Net: NetName=+3.3V Pin=J1-3
Removed Pin From Net: NetName=NetBOOT_2 Pin=J1-4
Removed Pin From Net: NetName=NetC10_2 Pin=J1-5
Removed Pin From Net: NetName=NetJ1_8 Pin=J1-9
Removed Pin From Net: NetName=NetJ1_10 Pin=J1-11
Removed Pin From Net: NetName=NetJ2_4 Pin=J2-5
Removed Pin From Net: NetName=NetBOOT_2 Pin=MD1-11
Removed Pin From Net: NetName=NetJ2_3 Pin=MD1-12
Removed Pin From Net: NetName=NetJ1_12 Pin=MD1-20
Removed Pin From Net: NetName=NetJ2_10 Pin=MD1-27
Removed Pin From Net: NetName=NetJ2_4 Pin=MD1-30
Removed Pin From Net: NetName=NetJ1_6 Pin=MD1-34
Removed Pin From Net: NetName=NetJ2_10 Pin=R14-2
Removed Pin From Net: NetName=NetJ2_3 Pin=R17-2
Removed Pin From Net: NetName=NetJ2_4 Pin=R20-2
Added Component: Designator=R18(FP-CRCW0805-e3-MFG)
Add component (AddParameter): Name = "Case Code (Imperial)"; Value = "0805"; VariantName = "[No Variations]"
Add component (AddParameter): Name = "Case Code (Metric)"; Value = "2012"; VariantName = "[No Variations]"
Add component (AddParameter): Name = "Case/Package"; Value = "0805"; VariantName = "[No Variations]"
Add component (AddParameter): Name = "Composition"; Value = "Thick Film"; VariantName = "[No Variations]"
Add component (AddParameter): Name = "Contact Plating"; Value = "Tin"; VariantName = "[No Variations]"
Add component (AddParameter): Name = "Depth"; Value = "1.25mm"; VariantName = "[No Variations]"
Add component (AddParameter): Name = "Features"; Value = "Automotive AEC-Q200"; VariantName = "[No Variations]"
Add component (AddParameter): Name = "Height"; Value = "0.45mm"; VariantName = "[No Variations]"
Add component (AddParameter): Name = "Lead Free"; Value = "Lead Free"; VariantName = "[No Variations]"
Add component (AddParameter): Name = "Length"; Value = "2mm"; VariantName = "[No Variations]"
Add component (AddParameter): Name = "Max Operating Temperature"; Value = "155°C"; VariantName = "[No Variations]"
Add component (AddParameter): Name = "Max Power Dissipation"; Value = "125mW"; VariantName = "[No Variations]"
Add component (AddParameter): Name = "Military Standard"; Value = "Not"; VariantName = "[No Variations]"
Add component (AddParameter): Name = "Min Operating Temperature"; Value = "-55°C"; VariantName = "[No Variations]"
Add component (AddParameter): Name = "Mount"; Value = "Surface Mount"; VariantName = "[No Variations]"
Add component (AddParameter): Name = "Number of Terminations"; Value = "2"; VariantName = "[No Variations]"
Add component (AddParameter): Name = "Package Quantity"; Value = "10"; VariantName = "[No Variations]"
Add component (AddParameter): Name = "Packaging"; Value = "Tape and Reel"; VariantName = "[No Variations]"
Add component (AddParameter): Name = "Power Rating"; Value = "125mW"; VariantName = "[No Variations]"
Add component (AddParameter): Name = "Radiation Hardening"; Value = "No"; VariantName = "[No Variations]"
Add component (AddParameter): Name = "Resistance"; Value = "220R"; VariantName = "[No Variations]"
Add component (AddParameter): Name = "Temperature Coefficient"; Value = "100ppm/°C"; VariantName = "[No Variations]"
Add component (AddParameter): Name = "Termination"; Value = "SMD/SMT"; VariantName = "[No Variations]"
Add component (AddParameter): Name = "Tolerance"; Value = "1%"; VariantName = "[No Variations]"
Add component (AddParameter): Name = "Voltage Rating"; Value = "150V"; VariantName = "[No Variations]"
Add component (AddParameter): Name = "Voltage Rating (DC)"; Value = "150V"; VariantName = "[No Variations]"
Add component (AddParameter): Name = "Weight"; Value = "0.000194oz"; VariantName = "[No Variations]"
Add component (AddParameter): Name = "Width"; Value = "0.049inch"; VariantName = "[No Variations]"
Added Pin To Net: NetName=NetJ1_8 Pin=J1-7
Added Pin To Net: NetName=NetJ1_10 Pin=J1-9
Added Pin To Net: NetName=+3.3V Pin=J2-2
Added Pin To Net: NetName=NetBOOT_2 Pin=J2-6
Added Pin To Net: NetName=GND Pin=J2-7
Added Pin To Net: NetName=NetC10_2 Pin=J2-8
Added Pin To Net: NetName=GND Pin=J2-9
Added Pin To Net: NetName=NetJ1_12 Pin=MD1-8
Added Pin To Net: NetName=NetJ2_3 Pin=MD1-20
Added Pin To Net: NetName=NetJ1_6 Pin=MD1-31
Added Pin To Net: NetName=NetJ2_4 Pin=MD1-34
Added Pin To Net: NetName=NetJ1_12 Pin=R15-2
Added Pin To Net: NetName=NetJ2_10 Pin=R18-2
Added Pin To Net: NetName=NetJ1_6 Pin=R21-2
Change Net Name : Old Net Name=NetJ1_8 New Net Name=NetJ1_7
Change Net Name : Old Net Name=NetJ1_10 New Net Name=NetJ1_9
Added Pin To Net: NetName=NetJ1_3 Pin=J1-3
Added Pin To Net: NetName=NetJ1_3 Pin=MD1-27
Added Pin To Net: NetName=NetJ1_3 Pin=R14-2
Added Net: Name=NetJ1_3
Added Pin To Net: NetName=NetJ1_4 Pin=J1-4
Added Pin To Net: NetName=NetJ1_4 Pin=MD1-28
Added Pin To Net: NetName=NetJ1_4 Pin=R3-2
Added Net: Name=NetJ1_4
Added Pin To Net: NetName=NetJ1_5 Pin=J1-5
Added Pin To Net: NetName=NetJ1_5 Pin=MD1-30
Added Pin To Net: NetName=NetJ1_5 Pin=R20-2
Added Net: Name=NetJ1_5
Added Pin To Net: NetName=NetJ1_11 Pin=J1-11
Added Pin To Net: NetName=NetJ1_11 Pin=MD1-12
Added Pin To Net: NetName=NetJ1_11 Pin=R17-2
Added Net: Name=NetJ1_11
Added Pin To Net: NetName=NetJ2_5 Pin=J2-5
Added Pin To Net: NetName=NetJ2_5 Pin=MD1-35
Added Net: Name=NetJ2_5
Added Pin To Net: NetName=NetMD1_11 Pin=MD1-11
Added Pin To Net: NetName=NetMD1_11 Pin=R18-1
Added Net: Name=NetMD1_11
Added Member To Class: ClassName=Main Member=Component R18 CRCW0805220RFKEA
Added Room: Name=Main
